2014-08-08 21:36:51.619 undecimalclock[8359:70b] Multi-tasking -> Device: YES, App: YES
2014-08-08 21:36:51.674 undecimalclock[8359:70b] Unlimited access to network resources
2014-08-08 21:36:52.290 undecimalclock[8359:70b] [CDVTimer][keyboard] 0.218034ms
2014-08-08 21:36:52.293 undecimalclock[8359:70b] CDVPlugin class CDVStatusBar (pluginName: statusbar) does not exist.
2014-08-08 21:36:52.297 undecimalclock[8359:70b] [CDVTimer][statusbar] 3.536999ms
2014-08-08 21:36:52.301 undecimalclock[8359:70b] [CDVTimer][TotalPluginStartup] 10.558009ms
2014-08-08 21:36:52.682 undecimalclock[8359:70b] Resetting plugins due to page load.
2014-08-08 21:36:53.127 undecimalclock[8359:70b] Finished load of: file:///Users/provolot/Library/Application%20Support/iPhone%20Simulator/7.1/Applications/1F62D80D-928B-4BD2-8D5D-4618901601C3/undecimalclock.app/www/index.html
Terminating in response to SpringBoard's termination.
2014-08-09 00:30:45.575 undecimalclock[10593:70b] Multi-tasking -> Device: YES, App: YES
2014-08-09 00:30:45.836 undecimalclock[10593:70b] Unlimited access to network resources
2014-08-09 00:30:46.297 undecimalclock[10593:70b] [CDVTimer][keyboard] 0.912011ms
2014-08-09 00:30:46.298 undecimalclock[10593:70b] CDVPlugin class CDVStatusBar (pluginName: statusbar) does not exist.
2014-08-09 00:30:46.299 undecimalclock[10593:70b] [CDVTimer][statusbar] 0.656009ms
2014-08-09 00:30:46.299 undecimalclock[10593:70b] [CDVTimer][TotalPluginStartup] 3.252029ms
2014-08-09 00:30:46.605 undecimalclock[10593:70b] Resetting plugins due to page load.
2014-08-09 00:30:47.287 undecimalclock[10593:70b] Finished load of: file:///Users/provolot/Library/Application%20Support/iPhone%20Simulator/7.1/Applications/1F62D80D-928B-4BD2-8D5D-4618901601C3/undecimalclock.app/www/index.html
Terminating in response to SpringBoard's termination.
2014-08-09 00:45:43.202 undecimalclock[10959:70b] Multi-tasking -> Device: YES, App: YES
2014-08-09 00:45:43.230 undecimalclock[10959:70b] Unlimited access to network resources
2014-08-09 00:45:43.307 undecimalclock[10959:70b] [CDVTimer][keyboard] 0.144005ms
2014-08-09 00:45:43.318 undecimalclock[10959:70b] CDVPlugin class CDVStatusBar (pluginName: statusbar) does not exist.
2014-08-09 00:45:43.329 undecimalclock[10959:70b] [CDVTimer][statusbar] 11.187971ms
2014-08-09 00:45:43.342 undecimalclock[10959:70b] [CDVTimer][TotalPluginStartup] 34.629047ms
2014-08-09 00:45:43.600 undecimalclock[10959:70b] Resetting plugins due to page load.
2014-08-09 00:45:44.613 undecimalclock[10959:70b] Finished load of: file:///Users/provolot/Library/Application%20Support/iPhone%20Simulator/7.1/Applications/1F62D80D-928B-4BD2-8D5D-4618901601C3/undecimalclock.app/www/index.html
2014-08-09 03:02:20.386 undecimalclock[14045:70b] Multi-tasking -> Device: YES, App: YES
2014-08-09 03:02:20.550 undecimalclock[14045:70b] Unlimited access to network resources
2014-08-09 03:02:20.799 undecimalclock[14045:70b] [CDVTimer][keyboard] 0.141025ms
2014-08-09 03:02:20.800 undecimalclock[14045:70b] CDVPlugin class CDVStatusBar (pluginName: statusbar) does not exist.
2014-08-09 03:02:20.800 undecimalclock[14045:70b] [CDVTimer][statusbar] 0.681996ms
2014-08-09 03:02:20.801 undecimalclock[14045:70b] [CDVTimer][TotalPluginStartup] 2.952039ms
2014-08-09 03:02:21.053 undecimalclock[14045:70b] Resetting plugins due to page load.
2014-08-09 03:02:21.678 undecimalclock[14045:70b] Finished load of: file:///Users/provolot/Library/Application%20Support/iPhone%20Simulator/7.1/Applications/1F62D80D-928B-4BD2-8D5D-4618901601C3/undecimalclock.app/www/index.html
2014-08-09 03:20:04.422 undecimalclock[14784:70b] Multi-tasking -> Device: YES, App: YES
2014-08-09 03:20:04.443 undecimalclock[14784:70b] Unlimited access to network resources
2014-08-09 03:20:04.489 undecimalclock[14784:70b] [CDVTimer][keyboard] 0.118017ms
2014-08-09 03:20:04.493 undecimalclock[14784:70b] CDVPlugin class CDVStatusBar (pluginName: statusbar) does not exist.
2014-08-09 03:20:04.494 undecimalclock[14784:70b] [CDVTimer][statusbar] 1.601994ms
2014-08-09 03:20:04.496 undecimalclock[14784:70b] [CDVTimer][TotalPluginStartup] 7.595956ms
2014-08-09 03:20:04.763 undecimalclock[14784:70b] Resetting plugins due to page load.
2014-08-09 03:20:05.322 undecimalclock[14784:70b] Finished load of: file:///Users/provolot/Library/Application%20Support/iPhone%20Simulator/7.1/Applications/1F62D80D-928B-4BD2-8D5D-4618901601C3/undecimalclock.app/www/index.html
